<?xml version='1.0' encoding='utf-8' standalone='yes' ?><testsuites><testsuite name="com.example.hellounittest.MainActivityTest"><testcase classname="com.example.hellounittest.MainActivityTest" name="testAddHelloLogic" time="2.808" /></testsuite></testsuites>